This file contains any messages produced by compilers while
running configure, to aid debugging if configure makes a mistake.

It was created by spyview configure 0.1, which was
generated by GNU Autoconf 2.69.  Invocation command line was

  $ ./configure 

## --------- ##
## Platform. ##
## --------- ##

hostname = Felixs-MBP.fritz.box
uname -m = x86_64
uname -r = 17.3.0
uname -s = Darwin
uname -v = Darwin Kernel Version 17.3.0: Thu Nov  9 18:09:22 PST 2017; root:xnu-4570.31.3~1/RELEASE_X86_64

/usr/bin/uname -p = i386
/bin/uname -X     = unknown

/bin/arch              = unknown
/usr/bin/arch -k       = unknown
/usr/convex/getsysinfo = unknown
/usr/bin/hostinfo      = Mach kernel version:
	 Darwin Kernel Version 17.3.0: Thu Nov  9 18:09:22 PST 2017; root:xnu-4570.31.3~1/RELEASE_X86_64
Kernel configured for up to 4 processors.
2 processors are physically available.
4 processors are logically available.
Processor type: i486 (Intel 80486)
Processors active: 0 1 2 3
Primary memory available: 4.00 gigabytes
Default processor set: 311 tasks, 1195 threads, 4 processors
Load average: 1.42, Mach factor: 2.57
/bin/machine           = unknown
/usr/bin/oslevel       = unknown
/bin/universe          = unknown

PATH: ~build
PATH: /Users/felixschmidt/anaconda/bin
PATH: /anaconda/bin
PATH: /usr/local/bin
PATH: /usr/bin
PATH: /bin
PATH: /usr/sbin
PATH: /sbin
PATH: /Library/TeX/texbin
PATH: /opt/X11/bin


## ----------- ##
## Core tests. ##
## ----------- ##

configure:2321: checking build system type
configure:2335: result: x86_64-apple-darwin17.3.0
configure:2355: checking host system type
configure:2368: result: x86_64-apple-darwin17.3.0
configure:2388: checking target system type
configure:2401: result: x86_64-apple-darwin17.3.0
configure:2443: checking for a BSD-compatible install
configure:2511: result: /usr/bin/install -c
configure:2522: checking whether build environment is sane
configure:2577: result: yes
configure:2728: checking for a thread-safe mkdir -p
configure:2767: result: ./install-sh -c -d
configure:2774: checking for gawk
configure:2804: result: no
configure:2774: checking for mawk
configure:2804: result: no
configure:2774: checking for nawk
configure:2804: result: no
configure:2774: checking for awk
configure:2790: found /usr/bin/awk
configure:2801: result: awk
configure:2812: checking whether make sets $(MAKE)
configure:2834: result: yes
configure:2863: checking whether make supports nested variables
configure:2880: result: yes
configure:3101: checking for g++
configure:3117: found /usr/bin/g++
configure:3128: result: g++
configure:3155: checking for C++ compiler version
configure:3164: g++ --version >&5
Apple LLVM version 9.0.0 (clang-900.0.39.2)
Target: x86_64-apple-darwin17.3.0
Thread model: posix
InstalledDir: /Library/Developer/CommandLineTools/usr/bin
Configured with: --prefix=/Library/Developer/CommandLineTools/usr --with-gxx-include-dir=/usr/include/c++/4.2.1
configure:3175: $? = 0
configure:3164: g++ -v >&5
Configured with: --prefix=/Library/Developer/CommandLineTools/usr --with-gxx-include-dir=/usr/include/c++/4.2.1
Apple LLVM version 9.0.0 (clang-900.0.39.2)
Target: x86_64-apple-darwin17.3.0
Thread model: posix
InstalledDir: /Library/Developer/CommandLineTools/usr/bin
configure:3175: $? = 0
configure:3164: g++ -V >&5
clang: error: argument to '-V' is missing (expected 1 value)
clang: error: no input files
configure:3175: $? = 1
configure:3164: g++ -qversion >&5
clang: error: unknown argument: '-qversion'
clang: error: no input files
configure:3175: $? = 1
configure:3195: checking whether the C++ compiler works
configure:3217: g++    conftest.cpp  >&5
configure:3221: $? = 0
configure:3269: result: yes
configure:3272: checking for C++ compiler default output file name
configure:3274: result: a.out
configure:3280: checking for suffix of executables
configure:3287: g++ -o conftest    conftest.cpp  >&5
configure:3291: $? = 0
configure:3313: result: 
configure:3335: checking whether we are cross compiling
configure:3343: g++ -o conftest    conftest.cpp  >&5
configure:3347: $? = 0
configure:3354: ./conftest
configure:3358: $? = 0
configure:3373: result: no
configure:3378: checking for suffix of object files
configure:3400: g++ -c   conftest.cpp >&5
configure:3404: $? = 0
configure:3425: result: o
configure:3429: checking whether we are using the GNU C++ compiler
configure:3448: g++ -c   conftest.cpp >&5
configure:3448: $? = 0
configure:3457: result: yes
configure:3466: checking whether g++ accepts -g
configure:3486: g++ -c -g  conftest.cpp >&5
configure:3486: $? = 0
configure:3527: result: yes
configure:3561: checking for style of include used by make
configure:3589: result: GNU
configure:3615: checking dependency style of g++
configure:3726: result: gcc3
configure:3789: checking for gcc
configure:3805: found /usr/bin/gcc
configure:3816: result: gcc
configure:4045: checking for C compiler version
configure:4054: gcc --version >&5
Apple LLVM version 9.0.0 (clang-900.0.39.2)
Target: x86_64-apple-darwin17.3.0
Thread model: posix
InstalledDir: /Library/Developer/CommandLineTools/usr/bin
Configured with: --prefix=/Library/Developer/CommandLineTools/usr --with-gxx-include-dir=/usr/include/c++/4.2.1
configure:4065: $? = 0
configure:4054: gcc -v >&5
Configured with: --prefix=/Library/Developer/CommandLineTools/usr --with-gxx-include-dir=/usr/include/c++/4.2.1
Apple LLVM version 9.0.0 (clang-900.0.39.2)
Target: x86_64-apple-darwin17.3.0
Thread model: posix
InstalledDir: /Library/Developer/CommandLineTools/usr/bin
configure:4065: $? = 0
configure:4054: gcc -V >&5
clang: error: argument to '-V' is missing (expected 1 value)
clang: error: no input files
configure:4065: $? = 1
configure:4054: gcc -qversion >&5
clang: error: unknown argument: '-qversion'
clang: error: no input files
configure:4065: $? = 1
configure:4069: checking whether we are using the GNU C compiler
configure:4088: gcc -c   conftest.c >&5
configure:4088: $? = 0
configure:4097: result: yes
configure:4106: checking whether gcc accepts -g
configure:4126: gcc -c -g  conftest.c >&5
configure:4126: $? = 0
configure:4167: result: yes
configure:4184: checking for gcc option to accept ISO C89
configure:4247: gcc  -c -g -O2  conftest.c >&5
configure:4247: $? = 0
configure:4260: result: none needed
configure:4285: checking whether gcc understands -c and -o together
configure:4307: gcc -c conftest.c -o conftest2.o
configure:4310: $? = 0
configure:4307: gcc -c conftest.c -o conftest2.o
configure:4310: $? = 0
configure:4322: result: yes
configure:4341: checking dependency style of gcc
configure:4452: result: gcc3
configure:4478: checking whether g++ supports C++11 features by default
configure:4772: g++ -c -g -O2  conftest.cpp >&5
conftest.cpp:22:2: error: "This is not a C++11 compiler"
#error "This is not a C++11 compiler"
 ^
1 error generated.
configure:4772: $? = 1
configure: failed program was:
| /* confdefs.h */
| #define PACKAGE_NAME "spyview"
| #define PACKAGE_TARNAME "spyview"
| #define PACKAGE_VERSION "0.1"
| #define PACKAGE_STRING "spyview 0.1"
| #define PACKAGE_BUGREPORT "Gary Steele (gsteele@mit.edu)"
| #define PACKAGE_URL ""
| #define PACKAGE "spyview"
| #define VERSION "0.1"
| /* end confdefs.h.  */
| 
| 
| // If the compiler admits that it is not ready for C++11, why torture it?
| // Hopefully, this will speed up the test.
| 
| #ifndef __cplusplus
| 
| #error "This is not a C++ compiler"
| 
| #elif __cplusplus < 201103L
| 
| #error "This is not a C++11 compiler"
| 
| #else
| 
| namespace cxx11
| {
| 
|   namespace test_static_assert
|   {
| 
|     template <typename T>
|     struct check
|     {
|       static_assert(sizeof(int) <= sizeof(T), "not big enough");
|     };
| 
|   }
| 
|   namespace test_final_override
|   {
| 
|     struct Base
|     {
|       virtual void f() {}
|     };
| 
|     struct Derived : public Base
|     {
|       virtual void f() override {}
|     };
| 
|   }
| 
|   namespace test_double_right_angle_brackets
|   {
| 
|     template < typename T >
|     struct check {};
| 
|     typedef check<void> single_type;
|     typedef check<check<void>> double_type;
|     typedef check<check<check<void>>> triple_type;
|     typedef check<check<check<check<void>>>> quadruple_type;
| 
|   }
| 
|   namespace test_decltype
|   {
| 
|     int
|     f()
|     {
|       int a = 1;
|       decltype(a) b = 2;
|       return a + b;
|     }
| 
|   }
| 
|   namespace test_type_deduction
|   {
| 
|     template < typename T1, typename T2 >
|     struct is_same
|     {
|       static const bool value = false;
|     };
| 
|     template < typename T >
|     struct is_same<T, T>
|     {
|       static const bool value = true;
|     };
| 
|     template < typename T1, typename T2 >
|     auto
|     add(T1 a1, T2 a2) -> decltype(a1 + a2)
|     {
|       return a1 + a2;
|     }
| 
|     int
|     test(const int c, volatile int v)
|     {
|       static_assert(is_same<int, decltype(0)>::value == true, "");
|       static_assert(is_same<int, decltype(c)>::value == false, "");
|       static_assert(is_same<int, decltype(v)>::value == false, "");
|       auto ac = c;
|       auto av = v;
|       auto sumi = ac + av + 'x';
|       auto sumf = ac + av + 1.0;
|       static_assert(is_same<int, decltype(ac)>::value == true, "");
|       static_assert(is_same<int, decltype(av)>::value == true, "");
|       static_assert(is_same<int, decltype(sumi)>::value == true, "");
|       static_assert(is_same<int, decltype(sumf)>::value == false, "");
|       static_assert(is_same<int, decltype(add(c, v))>::value == true, "");
|       return (sumf > 0.0) ? sumi : add(c, v);
|     }
| 
|   }
| 
|   namespace test_noexcept
|   {
| 
|     int f() { return 0; }
|     int g() noexcept { return 0; }
| 
|     static_assert(noexcept(f()) == false, "");
|     static_assert(noexcept(g()) == true, "");
| 
|   }
| 
|   namespace test_constexpr
|   {
| 
|     template < typename CharT >
|     unsigned long constexpr
|     strlen_c_r(const CharT *const s, const unsigned long acc) noexcept
|     {
|       return *s ? strlen_c_r(s + 1, acc + 1) : acc;
|     }
| 
|     template < typename CharT >
|     unsigned long constexpr
|     strlen_c(const CharT *const s) noexcept
|     {
|       return strlen_c_r(s, 0UL);
|     }
| 
|     static_assert(strlen_c("") == 0UL, "");
|     static_assert(strlen_c("1") == 1UL, "");
|     static_assert(strlen_c("example") == 7UL, "");
|     static_assert(strlen_c("another\0example") == 7UL, "");
| 
|   }
| 
|   namespace test_rvalue_references
|   {
| 
|     template < int N >
|     struct answer
|     {
|       static constexpr int value = N;
|     };
| 
|     answer<1> f(int&)       { return answer<1>(); }
|     answer<2> f(const int&) { return answer<2>(); }
|     answer<3> f(int&&)      { return answer<3>(); }
| 
|     void
|     test()
|     {
|       int i = 0;
|       const int c = 0;
|       static_assert(decltype(f(i))::value == 1, "");
|       static_assert(decltype(f(c))::value == 2, "");
|       static_assert(decltype(f(0))::value == 3, "");
|     }
| 
|   }
| 
|   namespace test_uniform_initialization
|   {
| 
|     struct test
|     {
|       static const int zero {};
|       static const int one {1};
|     };
| 
|     static_assert(test::zero == 0, "");
|     static_assert(test::one == 1, "");
| 
|   }
| 
|   namespace test_lambdas
|   {
| 
|     void
|     test1()
|     {
|       auto lambda1 = [](){};
|       auto lambda2 = lambda1;
|       lambda1();
|       lambda2();
|     }
| 
|     int
|     test2()
|     {
|       auto a = [](int i, int j){ return i + j; }(1, 2);
|       auto b = []() -> int { return '0'; }();
|       auto c = [=](){ return a + b; }();
|       auto d = [&](){ return c; }();
|       auto e = [a, &b](int x) mutable {
|         const auto identity = [](int y){ return y; };
|         for (auto i = 0; i < a; ++i)
|           a += b--;
|         return x + identity(a + b);
|       }(0);
|       return a + b + c + d + e;
|     }
| 
|     int
|     test3()
|     {
|       const auto nullary = [](){ return 0; };
|       const auto unary = [](int x){ return x; };
|       using nullary_t = decltype(nullary);
|       using unary_t = decltype(unary);
|       const auto higher1st = [](nullary_t f){ return f(); };
|       const auto higher2nd = [unary](nullary_t f1){
|         return [unary, f1](unary_t f2){ return f2(unary(f1())); };
|       };
|       return higher1st(nullary) + higher2nd(nullary)(unary);
|     }
| 
|   }
| 
|   namespace test_variadic_templates
|   {
| 
|     template <int...>
|     struct sum;
| 
|     template <int N0, int... N1toN>
|     struct sum<N0, N1toN...>
|     {
|       static constexpr auto value = N0 + sum<N1toN...>::value;
|     };
| 
|     template <>
|     struct sum<>
|     {
|       static constexpr auto value = 0;
|     };
| 
|     static_assert(sum<>::value == 0, "");
|     static_assert(sum<1>::value == 1, "");
|     static_assert(sum<23>::value == 23, "");
|     static_assert(sum<1, 2>::value == 3, "");
|     static_assert(sum<5, 5, 11>::value == 21, "");
|     static_assert(sum<2, 3, 5, 7, 11, 13>::value == 41, "");
| 
|   }
| 
|   // http://stackoverflow.com/questions/13728184/template-aliases-and-sfinae
|   // Clang 3.1 fails with headers of libstd++ 4.8.3 when using std::function
|   // because of this.
|   namespace test_template_alias_sfinae
|   {
| 
|     struct foo {};
| 
|     template<typename T>
|     using member = typename T::member_type;
| 
|     template<typename T>
|     void func(...) {}
| 
|     template<typename T>
|     void func(member<T>*) {}
| 
|     void test();
| 
|     void test() { func<foo>(0); }
| 
|   }
| 
| }  // namespace cxx11
| 
| #endif  // __cplusplus >= 201103L
| 
| 
| 
configure:4779: result: no
configure:4791: checking whether g++ supports C++11 features with -std=c++11
configure:5087: g++ -std=c++11 -c -g -O2  conftest.cpp >&5
configure:5087: $? = 0
configure:5096: result: yes
configure:5140: checking for fluid
configure:5158: found /usr/local/bin/fluid
configure:5171: result: /usr/local/bin/fluid
configure:5186: checking for groff
configure:5204: found /usr/bin/groff
configure:5217: result: /usr/bin/groff
configure:5227: checking for ps2pdf
configure:5245: found /usr/local/bin/ps2pdf
configure:5258: result: /usr/local/bin/ps2pdf
configure:5624: checking for main in -lz
configure:5643: g++ -std=c++11 -o conftest -g -O2   conftest.cpp -lz   >&5
configure:5643: $? = 0
configure:5652: result: yes
configure:5665: checking for main in -lpng
configure:5684: g++ -std=c++11 -o conftest -g -O2   conftest.cpp -lpng  -lz  >&5
configure:5684: $? = 0
configure:5693: result: yes
configure:5706: checking for main in -lfltk
configure:5725: g++ -std=c++11 -o conftest -g -O2   conftest.cpp -lfltk  -lpng -lz  >&5
configure:5725: $? = 0
configure:5734: result: yes
configure:5747: checking for main in -lfltk_jpeg
configure:5766: g++ -std=c++11 -o conftest -g -O2   conftest.cpp -lfltk_jpeg  -lfltk -lpng -lz  >&5
ld: library not found for -lfltk_jpeg
clang: error: linker command failed with exit code 1 (use -v to see invocation)
configure:5766: $? = 1
configure: failed program was:
| /* confdefs.h */
| #define PACKAGE_NAME "spyview"
| #define PACKAGE_TARNAME "spyview"
| #define PACKAGE_VERSION "0.1"
| #define PACKAGE_STRING "spyview 0.1"
| #define PACKAGE_BUGREPORT "Gary Steele (gsteele@mit.edu)"
| #define PACKAGE_URL ""
| #define PACKAGE "spyview"
| #define VERSION "0.1"
| #define HAVE_CXX11 1
| #define HAVE_LIBZ 1
| #define HAVE_LIBPNG 1
| #define HAVE_LIBFLTK 1
| /* end confdefs.h.  */
| 
| 
| int
| main ()
| {
| return main ();
|   ;
|   return 0;
| }
configure:5775: result: no
configure:5785: WARNING: libjpeg not found: assuming you are using system version
configure:5789: checking for main in -lfltk_images
configure:5808: g++ -std=c++11 -o conftest -g -O2   conftest.cpp -lfltk_images  -lfltk -lpng -lz  >&5
configure:5808: $? = 0
configure:5817: result: yes
configure:5830: checking for main in -lfltk_gl
configure:5849: g++ -std=c++11 -o conftest -g -O2   conftest.cpp -lfltk_gl  -lfltk_images -lfltk -lpng -lz  >&5
configure:5849: $? = 0
configure:5858: result: yes
configure:5871: checking for main in -lboost_serialization
configure:5890: g++ -std=c++11 -o conftest -g -O2   conftest.cpp -lboost_serialization  -lfltk_gl -lfltk_images -lfltk -lpng -lz  >&5
configure:5890: $? = 0
configure:5899: result: yes
configure:5952: checking for main in -lboost_regex
configure:5971: g++ -std=c++11 -o conftest -g -O2   conftest.cpp -lboost_regex  -lboost_serialization -lfltk_gl -lfltk_images -lfltk -lpng -lz  >&5
configure:5971: $? = 0
configure:5980: result: yes
configure:6043: checking for main in -lnetpbm
configure:6062: gcc -o conftest -g -O2   conftest.c -lnetpbm  -lboost_regex -lboost_serialization -lfltk_gl -lfltk_images -lfltk -lpng -lz  >&5
configure:6062: $? = 0
configure:6071: result: yes
configure:6085: checking for round in -lm
configure:6110: gcc -o conftest -g -O2   conftest.c -lm  -lnetpbm -lboost_regex -lboost_serialization -lfltk_gl -lfltk_images -lfltk -lpng -lz  >&5
conftest.c:27:6: warning: incompatible redeclaration of library function 'round' [-Wincompatible-library-redeclaration]
char round ();
     ^
conftest.c:27:6: note: 'round' is a builtin with type 'double (double)'
1 warning generated.
configure:6110: $? = 0
configure:6119: result: yes
configure:6139: checking how to run the C preprocessor
configure:6170: gcc -E  conftest.c
configure:6170: $? = 0
configure:6184: gcc -E  conftest.c
conftest.c:21:10: fatal error: 'ac_nonexistent.h' file not found
#include <ac_nonexistent.h>
         ^~~~~~~~~~~~~~~~~~
1 error generated.
configure:6184: $? = 1
configure: failed program was:
| /* confdefs.h */
| #define PACKAGE_NAME "spyview"
| #define PACKAGE_TARNAME "spyview"
| #define PACKAGE_VERSION "0.1"
| #define PACKAGE_STRING "spyview 0.1"
| #define PACKAGE_BUGREPORT "Gary Steele (gsteele@mit.edu)"
| #define PACKAGE_URL ""
| #define PACKAGE "spyview"
| #define VERSION "0.1"
| #define HAVE_CXX11 1
| #define HAVE_LIBZ 1
| #define HAVE_LIBPNG 1
| #define HAVE_LIBFLTK 1
| #define HAVE_LIBFLTK_IMAGES 1
| #define HAVE_LIBFLTK_GL 1
| #define HAVE_LIBBOOST_SERIALIZATION 1
| #define HAVE_LIBBOOST_REGEX 1
| #define HAVE_LIBNETPBM 1
| #define HAVE_LIBM 1
| /* end confdefs.h.  */
| #include <ac_nonexistent.h>
configure:6209: result: gcc -E
configure:6229: gcc -E  conftest.c
configure:6229: $? = 0
configure:6243: gcc -E  conftest.c
conftest.c:21:10: fatal error: 'ac_nonexistent.h' file not found
#include <ac_nonexistent.h>
         ^~~~~~~~~~~~~~~~~~
1 error generated.
configure:6243: $? = 1
configure: failed program was:
| /* confdefs.h */
| #define PACKAGE_NAME "spyview"
| #define PACKAGE_TARNAME "spyview"
| #define PACKAGE_VERSION "0.1"
| #define PACKAGE_STRING "spyview 0.1"
| #define PACKAGE_BUGREPORT "Gary Steele (gsteele@mit.edu)"
| #define PACKAGE_URL ""
| #define PACKAGE "spyview"
| #define VERSION "0.1"
| #define HAVE_CXX11 1
| #define HAVE_LIBZ 1
| #define HAVE_LIBPNG 1
| #define HAVE_LIBFLTK 1
| #define HAVE_LIBFLTK_IMAGES 1
| #define HAVE_LIBFLTK_GL 1
| #define HAVE_LIBBOOST_SERIALIZATION 1
| #define HAVE_LIBBOOST_REGEX 1
| #define HAVE_LIBNETPBM 1
| #define HAVE_LIBM 1
| /* end confdefs.h.  */
| #include <ac_nonexistent.h>
configure:6272: checking for X
configure:6380: gcc -E  conftest.c
conftest.c:21:10: fatal error: 'X11/Xlib.h' file not found
#include <X11/Xlib.h>
         ^~~~~~~~~~~~
1 error generated.
configure:6380: $? = 1
configure: failed program was:
| /* confdefs.h */
| #define PACKAGE_NAME "spyview"
| #define PACKAGE_TARNAME "spyview"
| #define PACKAGE_VERSION "0.1"
| #define PACKAGE_STRING "spyview 0.1"
| #define PACKAGE_BUGREPORT "Gary Steele (gsteele@mit.edu)"
| #define PACKAGE_URL ""
| #define PACKAGE "spyview"
| #define VERSION "0.1"
| #define HAVE_CXX11 1
| #define HAVE_LIBZ 1
| #define HAVE_LIBPNG 1
| #define HAVE_LIBFLTK 1
| #define HAVE_LIBFLTK_IMAGES 1
| #define HAVE_LIBFLTK_GL 1
| #define HAVE_LIBBOOST_SERIALIZATION 1
| #define HAVE_LIBBOOST_REGEX 1
| #define HAVE_LIBNETPBM 1
| #define HAVE_LIBM 1
| /* end confdefs.h.  */
| #include <X11/Xlib.h>
configure:6411: gcc -o conftest -g -O2   conftest.c -lX11 -lm -lnetpbm -lboost_regex -lboost_serialization -lfltk_gl -lfltk_images -lfltk -lpng -lz  >&5
conftest.c:21:10: fatal error: 'X11/Xlib.h' file not found
#include <X11/Xlib.h>
         ^~~~~~~~~~~~
1 error generated.
configure:6411: $? = 1
configure: failed program was:
| /* confdefs.h */
| #define PACKAGE_NAME "spyview"
| #define PACKAGE_TARNAME "spyview"
| #define PACKAGE_VERSION "0.1"
| #define PACKAGE_STRING "spyview 0.1"
| #define PACKAGE_BUGREPORT "Gary Steele (gsteele@mit.edu)"
| #define PACKAGE_URL ""
| #define PACKAGE "spyview"
| #define VERSION "0.1"
| #define HAVE_CXX11 1
| #define HAVE_LIBZ 1
| #define HAVE_LIBPNG 1
| #define HAVE_LIBFLTK 1
| #define HAVE_LIBFLTK_IMAGES 1
| #define HAVE_LIBFLTK_GL 1
| #define HAVE_LIBBOOST_SERIALIZATION 1
| #define HAVE_LIBBOOST_REGEX 1
| #define HAVE_LIBNETPBM 1
| #define HAVE_LIBM 1
| /* end confdefs.h.  */
| #include <X11/Xlib.h>
| int
| main ()
| {
| XrmInitialize ()
|   ;
|   return 0;
| }
configure:6461: result: libraries /usr/X11/lib, headers /usr/X11/include
configure:6481: checking whether -R must be followed by a space
configure:6497: gcc -o conftest -g -O2   conftest.c -lm -lnetpbm -lboost_regex -lboost_serialization -lfltk_gl -lfltk_images -lfltk -lpng -lz  -R/usr/X11/lib >&5
warning: unknown remark option '-R/usr/X11/lib' [-Wunknown-warning-option]
1 warning generated.
configure:6497: $? = 0
configure: failed program was:
| /* confdefs.h */
| #define PACKAGE_NAME "spyview"
| #define PACKAGE_TARNAME "spyview"
| #define PACKAGE_VERSION "0.1"
| #define PACKAGE_STRING "spyview 0.1"
| #define PACKAGE_BUGREPORT "Gary Steele (gsteele@mit.edu)"
| #define PACKAGE_URL ""
| #define PACKAGE "spyview"
| #define VERSION "0.1"
| #define HAVE_CXX11 1
| #define HAVE_LIBZ 1
| #define HAVE_LIBPNG 1
| #define HAVE_LIBFLTK 1
| #define HAVE_LIBFLTK_IMAGES 1
| #define HAVE_LIBFLTK_GL 1
| #define HAVE_LIBBOOST_SERIALIZATION 1
| #define HAVE_LIBBOOST_REGEX 1
| #define HAVE_LIBNETPBM 1
| #define HAVE_LIBM 1
| /* end confdefs.h.  */
| 
| int
| main ()
| {
| 
|   ;
|   return 0;
| }
configure:6514: gcc -o conftest -g -O2   conftest.c -lm -lnetpbm -lboost_regex -lboost_serialization -lfltk_gl -lfltk_images -lfltk -lpng -lz  -R /usr/X11/lib >&5
warning: unknown remark option '-R' [-Wunknown-warning-option]
1 warning generated.
ld: can't map file, errno=22 file '/usr/X11/lib' for architecture x86_64
clang: error: linker command failed with exit code 1 (use -v to see invocation)
configure:6514: $? = 1
configure: failed program was:
| /* confdefs.h */
| #define PACKAGE_NAME "spyview"
| #define PACKAGE_TARNAME "spyview"
| #define PACKAGE_VERSION "0.1"
| #define PACKAGE_STRING "spyview 0.1"
| #define PACKAGE_BUGREPORT "Gary Steele (gsteele@mit.edu)"
| #define PACKAGE_URL ""
| #define PACKAGE "spyview"
| #define VERSION "0.1"
| #define HAVE_CXX11 1
| #define HAVE_LIBZ 1
| #define HAVE_LIBPNG 1
| #define HAVE_LIBFLTK 1
| #define HAVE_LIBFLTK_IMAGES 1
| #define HAVE_LIBFLTK_GL 1
| #define HAVE_LIBBOOST_SERIALIZATION 1
| #define HAVE_LIBBOOST_REGEX 1
| #define HAVE_LIBNETPBM 1
| #define HAVE_LIBM 1
| /* end confdefs.h.  */
| 
| int
| main ()
| {
| 
|   ;
|   return 0;
| }
configure:6519: result: neither works
configure:6560: gcc -o conftest -g -O2   conftest.c -lm -lnetpbm -lboost_regex -lboost_serialization -lfltk_gl -lfltk_images -lfltk -lpng -lz   -L/usr/X11/lib -lX11 >&5
configure:6560: $? = 0
configure:6658: checking for gethostbyname
configure:6658: gcc -o conftest -g -O2   conftest.c -lm -lnetpbm -lboost_regex -lboost_serialization -lfltk_gl -lfltk_images -lfltk -lpng -lz  >&5
configure:6658: $? = 0
configure:6658: result: yes
configure:6755: checking for connect
configure:6755: gcc -o conftest -g -O2   conftest.c -lm -lnetpbm -lboost_regex -lboost_serialization -lfltk_gl -lfltk_images -lfltk -lpng -lz  >&5
configure:6755: $? = 0
configure:6755: result: yes
configure:6804: checking for remove
configure:6804: gcc -o conftest -g -O2   conftest.c -lm -lnetpbm -lboost_regex -lboost_serialization -lfltk_gl -lfltk_images -lfltk -lpng -lz  >&5
configure:6804: $? = 0
configure:6804: result: yes
configure:6853: checking for shmat
configure:6853: gcc -o conftest -g -O2   conftest.c -lm -lnetpbm -lboost_regex -lboost_serialization -lfltk_gl -lfltk_images -lfltk -lpng -lz  >&5
configure:6853: $? = 0
configure:6853: result: yes
configure:6911: checking for IceConnectionNumber in -lICE
configure:6936: gcc -o conftest -g -O2   -L/usr/X11/lib conftest.c -lICE  -lm -lnetpbm -lboost_regex -lboost_serialization -lfltk_gl -lfltk_images -lfltk -lpng -lz  >&5
configure:6936: $? = 0
configure:6945: result: yes
configure:6973: checking for dirent.h that defines DIR
configure:6992: gcc -c -g -O2 -I/usr/X11/include -Wall -D_GNU_SOURCE -fpermissive  conftest.c >&5
configure:6992: $? = 0
configure:7000: result: yes
configure:7013: checking for library containing opendir
configure:7044: gcc -o conftest -g -O2 -I/usr/X11/include -Wall -D_GNU_SOURCE -fpermissive   -L/usr/X11/lib  conftest.c -lm -lnetpbm -lboost_regex -lboost_serialization -lfltk_gl -lfltk_images -lfltk -lpng -lz   -L/usr/X11/lib -lXext -lX11 >&5
configure:7044: $? = 0
configure:7061: result: none required
configure:7128: checking for grep that handles long lines and -e
configure:7186: result: /usr/bin/grep
configure:7191: checking for egrep
configure:7253: result: /usr/bin/grep -E
configure:7258: checking for ANSI C header files
configure:7278: gcc -c -g -O2 -I/usr/X11/include -Wall -D_GNU_SOURCE -fpermissive  conftest.c >&5
configure:7278: $? = 0
configure:7351: gcc -o conftest -g -O2 -I/usr/X11/include -Wall -D_GNU_SOURCE -fpermissive   -L/usr/X11/lib  conftest.c -lm -lnetpbm -lboost_regex -lboost_serialization -lfltk_gl -lfltk_images -lfltk -lpng -lz   -L/usr/X11/lib -lXext -lX11 >&5
configure:7351: $? = 0
configure:7351: ./conftest
configure:7351: $? = 0
configure:7362: result: yes
configure:7375: checking for sys/types.h
configure:7375: gcc -c -g -O2 -I/usr/X11/include -Wall -D_GNU_SOURCE -fpermissive  conftest.c >&5
configure:7375: $? = 0
configure:7375: result: yes
configure:7375: checking for sys/stat.h
configure:7375: gcc -c -g -O2 -I/usr/X11/include -Wall -D_GNU_SOURCE -fpermissive  conftest.c >&5
configure:7375: $? = 0
configure:7375: result: yes
configure:7375: checking for stdlib.h
configure:7375: gcc -c -g -O2 -I/usr/X11/include -Wall -D_GNU_SOURCE -fpermissive  conftest.c >&5
configure:7375: $? = 0
configure:7375: result: yes
configure:7375: checking for string.h
configure:7375: gcc -c -g -O2 -I/usr/X11/include -Wall -D_GNU_SOURCE -fpermissive  conftest.c >&5
configure:7375: $? = 0
configure:7375: result: yes
configure:7375: checking for memory.h
configure:7375: gcc -c -g -O2 -I/usr/X11/include -Wall -D_GNU_SOURCE -fpermissive  conftest.c >&5
configure:7375: $? = 0
configure:7375: result: yes
configure:7375: checking for strings.h
configure:7375: gcc -c -g -O2 -I/usr/X11/include -Wall -D_GNU_SOURCE -fpermissive  conftest.c >&5
configure:7375: $? = 0
configure:7375: result: yes
configure:7375: checking for inttypes.h
configure:7375: gcc -c -g -O2 -I/usr/X11/include -Wall -D_GNU_SOURCE -fpermissive  conftest.c >&5
configure:7375: $? = 0
configure:7375: result: yes
configure:7375: checking for stdint.h
configure:7375: gcc -c -g -O2 -I/usr/X11/include -Wall -D_GNU_SOURCE -fpermissive  conftest.c >&5
configure:7375: $? = 0
configure:7375: result: yes
configure:7375: checking for unistd.h
configure:7375: gcc -c -g -O2 -I/usr/X11/include -Wall -D_GNU_SOURCE -fpermissive  conftest.c >&5
configure:7375: $? = 0
configure:7375: result: yes
configure:7390: checking fcntl.h usability
configure:7390: gcc -c -g -O2 -I/usr/X11/include -Wall -D_GNU_SOURCE -fpermissive  conftest.c >&5
configure:7390: $? = 0
configure:7390: result: yes
configure:7390: checking fcntl.h presence
configure:7390: gcc -E  conftest.c
configure:7390: $? = 0
configure:7390: result: yes
configure:7390: checking for fcntl.h
configure:7390: result: yes
configure:7390: checking limits.h usability
configure:7390: gcc -c -g -O2 -I/usr/X11/include -Wall -D_GNU_SOURCE -fpermissive  conftest.c >&5
configure:7390: $? = 0
configure:7390: result: yes
configure:7390: checking limits.h presence
configure:7390: gcc -E  conftest.c
configure:7390: $? = 0
configure:7390: result: yes
configure:7390: checking for limits.h
configure:7390: result: yes
configure:7390: checking for stdlib.h
configure:7390: result: yes
configure:7390: checking for string.h
configure:7390: result: yes
configure:7390: checking for unistd.h
configure:7390: result: yes
configure:7402: checking for an ANSI C-conforming const
configure:7468: gcc -c -g -O2 -I/usr/X11/include -Wall -D_GNU_SOURCE -fpermissive  conftest.c >&5
configure:7468: $? = 0
configure:7475: result: yes
configure:7483: checking for inline
configure:7499: gcc -c -g -O2 -I/usr/X11/include -Wall -D_GNU_SOURCE -fpermissive  conftest.c >&5
conftest.c:39:21: warning: unused function 'static_foo' [-Wunused-function]
static inline foo_t static_foo () {return 0; }
                    ^
1 warning generated.
configure:7499: $? = 0
configure:7507: result: inline
configure:7552: checking for pow
configure:7552: gcc -o conftest -g -O2 -I/usr/X11/include -Wall -D_GNU_SOURCE -fpermissive  -DSPYVIEW_DATADIR='"${datarootdir}"'  -L/usr/X11/lib  conftest.c -lm -lnetpbm -lboost_regex -lboost_serialization -lfltk_gl -lfltk_images -lfltk -lpng -lz   -L/usr/X11/lib -lXext -lX11 >&5
conftest.c:63:6: warning: incompatible redeclaration of library function 'pow' [-Wincompatible-library-redeclaration]
char pow ();
     ^
conftest.c:63:6: note: 'pow' is a builtin with type 'double (double, double)'
1 warning generated.
configure:7552: $? = 0
configure:7552: result: yes
configure:7552: checking for strrchr
configure:7552: gcc -o conftest -g -O2 -I/usr/X11/include -Wall -D_GNU_SOURCE -fpermissive  -DSPYVIEW_DATADIR='"${datarootdir}"'  -L/usr/X11/lib  conftest.c -lm -lnetpbm -lboost_regex -lboost_serialization -lfltk_gl -lfltk_images -lfltk -lpng -lz   -L/usr/X11/lib -lXext -lX11 >&5
conftest.c:64:6: warning: incompatible redeclaration of library function 'strrchr' [-Wincompatible-library-redeclaration]
char strrchr ();
     ^
conftest.c:64:6: note: 'strrchr' is a builtin with type 'char *(const char *, int)'
1 warning generated.
configure:7552: $? = 0
configure:7552: result: yes
configure:7552: checking for strstr
configure:7552: gcc -o conftest -g -O2 -I/usr/X11/include -Wall -D_GNU_SOURCE -fpermissive  -DSPYVIEW_DATADIR='"${datarootdir}"'  -L/usr/X11/lib  conftest.c -lm -lnetpbm -lboost_regex -lboost_serialization -lfltk_gl -lfltk_images -lfltk -lpng -lz   -L/usr/X11/lib -lXext -lX11 >&5
conftest.c:65:6: warning: incompatible redeclaration of library function 'strstr' [-Wincompatible-library-redeclaration]
char strstr ();
     ^
conftest.c:65:6: note: 'strstr' is a builtin with type 'char *(const char *, const char *)'
1 warning generated.
configure:7552: $? = 0
configure:7552: result: yes
configure:7552: checking for symlink
configure:7552: gcc -o conftest -g -O2 -I/usr/X11/include -Wall -D_GNU_SOURCE -fpermissive  -DSPYVIEW_DATADIR='"${datarootdir}"'  -L/usr/X11/lib  conftest.c -lm -lnetpbm -lboost_regex -lboost_serialization -lfltk_gl -lfltk_images -lfltk -lpng -lz   -L/usr/X11/lib -lXext -lX11 >&5
configure:7552: $? = 0
configure:7552: result: yes
configure:7673: checking that generated files are newer than configure
configure:7679: result: done
configure:7714: creating ./config.status

## ---------------------- ##
## Running config.status. ##
## ---------------------- ##

This file was extended by spyview config.status 0.1, which was
generated by GNU Autoconf 2.69.  Invocation command line was

  CONFIG_FILES    = 
  CONFIG_HEADERS  = 
  CONFIG_LINKS    = 
  CONFIG_COMMANDS = 
  $ ./config.status 

on Felixs-MBP.fritz.box

config.status:910: creating Makefile
config.status:910: creating spyview/Makefile
config.status:910: creating debian/Makefile
config.status:910: creating config.h
config.status:1091: config.h is unchanged
config.status:1139: executing depfiles commands

## ---------------- ##
## Cache variables. ##
## ---------------- ##

ac_cv_build=x86_64-apple-darwin17.3.0
ac_cv_c_compiler_gnu=yes
ac_cv_c_const=yes
ac_cv_c_inline=inline
ac_cv_cxx_compiler_gnu=yes
ac_cv_env_CCC_set=
ac_cv_env_CCC_value=
ac_cv_env_CC_set=
ac_cv_env_CC_value=
ac_cv_env_CFLAGS_set=
ac_cv_env_CFLAGS_value=
ac_cv_env_CPPFLAGS_set=
ac_cv_env_CPPFLAGS_value=
ac_cv_env_CPP_set=
ac_cv_env_CPP_value=
ac_cv_env_CXXFLAGS_set=
ac_cv_env_CXXFLAGS_value=
ac_cv_env_CXX_set=
ac_cv_env_CXX_value=
ac_cv_env_FLUID_set=
ac_cv_env_FLUID_value=
ac_cv_env_GROFF_set=
ac_cv_env_GROFF_value=
ac_cv_env_LDFLAGS_set=
ac_cv_env_LDFLAGS_value=
ac_cv_env_LIBS_set=
ac_cv_env_LIBS_value=
ac_cv_env_PSTOPDF_set=
ac_cv_env_PSTOPDF_value=
ac_cv_env_XMKMF_set=
ac_cv_env_XMKMF_value=
ac_cv_env_build_alias_set=
ac_cv_env_build_alias_value=
ac_cv_env_host_alias_set=
ac_cv_env_host_alias_value=
ac_cv_env_target_alias_set=
ac_cv_env_target_alias_value=
ac_cv_func_connect=yes
ac_cv_func_gethostbyname=yes
ac_cv_func_pow=yes
ac_cv_func_remove=yes
ac_cv_func_shmat=yes
ac_cv_func_strrchr=yes
ac_cv_func_strstr=yes
ac_cv_func_symlink=yes
ac_cv_have_x='have_x=yes	ac_x_includes='\''/usr/X11/include'\''	ac_x_libraries='\''/usr/X11/lib'\'''
ac_cv_header_dirent_dirent_h=yes
ac_cv_header_fcntl_h=yes
ac_cv_header_inttypes_h=yes
ac_cv_header_limits_h=yes
ac_cv_header_memory_h=yes
ac_cv_header_stdc=yes
ac_cv_header_stdint_h=yes
ac_cv_header_stdlib_h=yes
ac_cv_header_string_h=yes
ac_cv_header_strings_h=yes
ac_cv_header_sys_stat_h=yes
ac_cv_header_sys_types_h=yes
ac_cv_header_unistd_h=yes
ac_cv_host=x86_64-apple-darwin17.3.0
ac_cv_lib_ICE_IceConnectionNumber=yes
ac_cv_lib_boost_regex_main=yes
ac_cv_lib_boost_serialization_main=yes
ac_cv_lib_fltk_gl_main=yes
ac_cv_lib_fltk_images_main=yes
ac_cv_lib_fltk_jpeg_main=no
ac_cv_lib_fltk_main=yes
ac_cv_lib_m_round=yes
ac_cv_lib_netpbm_main=yes
ac_cv_lib_png_main=yes
ac_cv_lib_z_main=yes
ac_cv_objext=o
ac_cv_path_EGREP='/usr/bin/grep -E'
ac_cv_path_FLUID=/usr/local/bin/fluid
ac_cv_path_GREP=/usr/bin/grep
ac_cv_path_GROFF=/usr/bin/groff
ac_cv_path_PSTOPDF=/usr/local/bin/ps2pdf
ac_cv_path_install='/usr/bin/install -c'
ac_cv_prog_AWK=awk
ac_cv_prog_CPP='gcc -E'
ac_cv_prog_ac_ct_CC=gcc
ac_cv_prog_ac_ct_CXX=g++
ac_cv_prog_cc_c89=
ac_cv_prog_cc_g=yes
ac_cv_prog_cxx_g=yes
ac_cv_prog_make_make_set=yes
ac_cv_search_opendir='none required'
ac_cv_target=x86_64-apple-darwin17.3.0
am_cv_CC_dependencies_compiler_type=gcc3
am_cv_CXX_dependencies_compiler_type=gcc3
am_cv_make_support_nested_variables=yes
am_cv_prog_cc_c_o=yes
ax_cv_cxx_compile_cxx11=no
ax_cv_cxx_compile_cxx11__std_cpp11=yes

## ----------------- ##
## Output variables. ##
## ----------------- ##

ACLOCAL='${SHELL} /Users/felixschmidt/git/spyview/source/missing aclocal-1.15'
AMDEPBACKSLASH='\'
AMDEP_FALSE='#'
AMDEP_TRUE=''
AMTAR='$${TAR-tar}'
AM_BACKSLASH='\'
AM_DEFAULT_V='$(AM_DEFAULT_VERBOSITY)'
AM_DEFAULT_VERBOSITY='1'
AM_V='$(V)'
AUTOCONF='${SHELL} /Users/felixschmidt/git/spyview/source/missing autoconf'
AUTOHEADER='${SHELL} /Users/felixschmidt/git/spyview/source/missing autoheader'
AUTOMAKE='${SHELL} /Users/felixschmidt/git/spyview/source/missing automake-1.15'
AWK='awk'
CC='gcc'
CCDEPMODE='depmode=gcc3'
CFLAGS='-g -O2 -I/usr/X11/include -Wall -D_GNU_SOURCE -fpermissive'
CPP='gcc -E'
CPPFLAGS=' -DSPYVIEW_DATADIR='\''"${datarootdir}"'\'''
CXX='g++ -std=c++11'
CXXDEPMODE='depmode=gcc3'
CXXFLAGS='-g -O2 -I/usr/X11/include -Wall -D_GNU_SOURCE -fpermissive'
CYGPATH_W='echo'
DEFS='-DHAVE_CONFIG_H'
DEPDIR='.deps'
ECHO_C='\c'
ECHO_N=''
ECHO_T=''
EGREP='/usr/bin/grep -E'
EXEEXT=''
FLUID='/usr/local/bin/fluid'
GREP='/usr/bin/grep'
GROFF='/usr/bin/groff'
HAVE_CXX11='1'
INSTALL_DATA='${INSTALL} -m 644'
INSTALL_PROGRAM='${INSTALL}'
INSTALL_SCRIPT='${INSTALL}'
INSTALL_STRIP_PROGRAM='$(install_sh) -c -s'
LDFLAGS=' -L/usr/X11/lib '
LIBOBJS=''
LIBS='-lm -lnetpbm -lboost_regex -lboost_serialization -lfltk_gl -lfltk_images -lfltk -lpng -lz   -L/usr/X11/lib -lXext -lX11'
LTLIBOBJS=''
MAKEINFO='${SHELL} /Users/felixschmidt/git/spyview/source/missing makeinfo'
MAKEPDF_FALSE='#'
MAKEPDF_TRUE=''
MKDIR_P='./install-sh -c -d'
OBJEXT='o'
PACKAGE='spyview'
PACKAGE_BUGREPORT='Gary Steele (gsteele@mit.edu)'
PACKAGE_NAME='spyview'
PACKAGE_STRING='spyview 0.1'
PACKAGE_TARNAME='spyview'
PACKAGE_URL=''
PACKAGE_VERSION='0.1'
PATH_SEPARATOR=':'
PSTOPDF='/usr/local/bin/ps2pdf'
SET_MAKE=''
SHELL='/bin/sh'
STRIP=''
VERSION='0.1'
WIN32_CONSOLE_FLAGS=''
WIN32_EXTRA=''
WINDOWS_FALSE=''
WINDOWS_TRUE='#'
XMKMF=''
X_CFLAGS=' -I/usr/X11/include'
X_EXTRA_LIBS=''
X_LIBS=' -L/usr/X11/lib'
X_PRE_LIBS=' -lSM -lICE'
ac_ct_CC='gcc'
ac_ct_CXX='g++'
am__EXEEXT_FALSE=''
am__EXEEXT_TRUE='#'
am__fastdepCC_FALSE='#'
am__fastdepCC_TRUE=''
am__fastdepCXX_FALSE='#'
am__fastdepCXX_TRUE=''
am__include='include'
am__isrc=''
am__leading_dot='.'
am__nodep='_no'
am__quote=''
am__tar='$${TAR-tar} chof - "$$tardir"'
am__untar='$${TAR-tar} xf -'
bindir='${exec_prefix}/bin'
build='x86_64-apple-darwin17.3.0'
build_alias=''
build_cpu='x86_64'
build_os='darwin17.3.0'
build_vendor='apple'
datadir='${datarootdir}'
datarootdir='${prefix}/share'
docdir='${datarootdir}/doc/${PACKAGE_TARNAME}'
dvidir='${docdir}'
exec_prefix='${prefix}'
host='x86_64-apple-darwin17.3.0'
host_alias=''
host_cpu='x86_64'
host_os='darwin17.3.0'
host_vendor='apple'
htmldir='${docdir}'
includedir='${prefix}/include'
infodir='${datarootdir}/info'
install_sh='${SHELL} /Users/felixschmidt/git/spyview/source/install-sh'
libdir='${exec_prefix}/lib'
libexecdir='${exec_prefix}/libexec'
localedir='${datarootdir}/locale'
localstatedir='${prefix}/var'
mandir='${datarootdir}/man'
mkdir_p='$(MKDIR_P)'
oldincludedir='/usr/include'
pdfdir='${docdir}'
prefix='/usr/local'
program_transform_name='s,x,x,'
psdir='${docdir}'
sbindir='${exec_prefix}/sbin'
sharedstatedir='${prefix}/com'
sysconfdir='${prefix}/etc'
target='x86_64-apple-darwin17.3.0'
target_alias=''
target_cpu='x86_64'
target_os='darwin17.3.0'
target_vendor='apple'

## ----------- ##
## confdefs.h. ##
## ----------- ##

/* confdefs.h */
#define PACKAGE_NAME "spyview"
#define PACKAGE_TARNAME "spyview"
#define PACKAGE_VERSION "0.1"
#define PACKAGE_STRING "spyview 0.1"
#define PACKAGE_BUGREPORT "Gary Steele (gsteele@mit.edu)"
#define PACKAGE_URL ""
#define PACKAGE "spyview"
#define VERSION "0.1"
#define HAVE_CXX11 1
#define HAVE_LIBZ 1
#define HAVE_LIBPNG 1
#define HAVE_LIBFLTK 1
#define HAVE_LIBFLTK_IMAGES 1
#define HAVE_LIBFLTK_GL 1
#define HAVE_LIBBOOST_SERIALIZATION 1
#define HAVE_LIBBOOST_REGEX 1
#define HAVE_LIBNETPBM 1
#define HAVE_LIBM 1
#define HAVE_DIRENT_H 1
#define STDC_HEADERS 1
#define HAVE_SYS_TYPES_H 1
#define HAVE_SYS_STAT_H 1
#define HAVE_STDLIB_H 1
#define HAVE_STRING_H 1
#define HAVE_MEMORY_H 1
#define HAVE_STRINGS_H 1
#define HAVE_INTTYPES_H 1
#define HAVE_STDINT_H 1
#define HAVE_UNISTD_H 1
#define HAVE_FCNTL_H 1
#define HAVE_LIMITS_H 1
#define HAVE_STDLIB_H 1
#define HAVE_STRING_H 1
#define HAVE_UNISTD_H 1
#define DIRECTORY_SEPARATOR '/'
#define _STF "%zd"
#define SPYVIEW_PREFIX "NONE"
#define HAVE_POW 1
#define HAVE_STRRCHR 1
#define HAVE_STRSTR 1
#define HAVE_SYMLINK 1

configure: exit 0
